Using pre-set license
Built from '2020.3/staging' branch; Version is '2020.3.26f1 (7298b473bc1a) revision 7510196'; Using compiler version '192528614'; Build Type 'Release'
OS: 'Windows 11  (10.0.22000) 64bit Professional' Language: 'da' Physical Memory: 16029 MB
BatchMode: 1, IsHumanControllingUs: 0, StartBugReporterOnCrash: 0, Is64bit: 1, IsPro: 0

COMMAND LINE ARGUMENTS:
C:\Program Files\Unity\Hub\Editor\2020.3.26f1\Editor\Unity.exe
-adb2
-batchMode
-noUpm
-name
AssetImportWorker0
-projectPath
D:/GitHub/Produktudvikling-03-2022/RPG Game Projektværksted
-logFile
Logs/AssetImportWorker0.log
-srvPort
14924
Successfully changed project path to: D:/GitHub/Produktudvikling-03-2022/RPG Game Projektværksted
D:/GitHub/Produktudvikling-03-2022/RPG Game Projektværksted
Using Asset Import Pipeline V2.
Refreshing native plugins compatible for Editor in 215.23 ms, found 3 plugins.
Preloading 0 native plugins for Editor in 0.00 ms.
Initialize engine version: 2020.3.26f1 (7298b473bc1a)
[Subsystems] Discovering subsystems at path C:/Program Files/Unity/Hub/Editor/2020.3.26f1/Editor/Data/Resources/UnitySubsystems
[Subsystems] Discovering subsystems at path D:/GitHub/Produktudvikling-03-2022/RPG Game Projektværksted/Assets
GfxDevice: creating device client; threaded=0
Direct3D:
    Version:  Direct3D 11.0 [level 11.1]
    Renderer: NVIDIA GeForce RTX 2060 (ID=0x1f15)
    Vendor:   
    VRAM:     5980 MB
    Driver:   30.0.15.1123
Initialize mono
Mono path[0] = 'C:/Program Files/Unity/Hub/Editor/2020.3.26f1/Editor/Data/Managed'
Mono path[1] = 'C:/Program Files/Unity/Hub/Editor/2020.3.26f1/Editor/Data/MonoBleedingEdge/lib/mono/unityjit'
Mono config path = 'C:/Program Files/Unity/Hub/Editor/2020.3.26f1/Editor/Data/MonoBleedingEdge/etc'
Using monoOptions --debugger-agent=transport=dt_socket,embedding=1,server=y,suspend=n,address=127.0.0.1:56188
Begin MonoManager ReloadAssembly
Registering precompiled unity dll's ...
Register platform support module: C:/Program Files/Unity/Hub/Editor/2020.3.26f1/Editor/Data/PlaybackEngines/WindowsStandaloneSupport/UnityEditor.WindowsStandalone.Extensions.dll
Registered in 0.108523 seconds.
Native extension for WindowsStandalone target not found
Refreshing native plugins compatible for Editor in 44.09 ms, found 3 plugins.
Preloading 0 native plugins for Editor in 0.00 ms.
Mono: successfully reloaded assembly
- Completed reload, in  3.165 seconds
Domain Reload Profiling:
	ReloadAssembly (3165ms)
		BeginReloadAssembly (2234ms)
			ExecutionOrderSort (0ms)
			DisableScriptedObjects (0ms)
			BackupInstance (0ms)
			ReleaseScriptingObjects (0ms)
			CreateAndSetChildDomain (1ms)
		EndReloadAssembly (674ms)
			LoadAssemblies (2239ms)
			RebuildTransferFunctionScriptingTraits (0ms)
			SetupTypeCache (377ms)
			ReleaseScriptCaches (0ms)
			RebuildScriptCaches (28ms)
			SetupLoadedEditorAssemblies (170ms)
				LogAssemblyErrors (0ms)
				InitializePlatformSupportModulesInManaged (4ms)
				SetLoadedEditorAssemblies (0ms)
				RefreshPlugins (44ms)
				BeforeProcessingInitializeOnLoad (13ms)
				ProcessInitializeOnLoadAttributes (78ms)
				ProcessInitializeOnLoadMethodAttributes (31ms)
				AfterProcessingInitializeOnLoad (0ms)
				EditorAssembliesLoaded (0ms)
			ExecutionOrderSort2 (0ms)
			AwakeInstancesAfterBackupRestoration (0ms)
Platform modules already initialized, skipping
Registering precompiled user dll's ...
Registered in 0.532857 seconds.
Begin MonoManager ReloadAssembly
Native extension for WindowsStandalone target not found
Refreshing native plugins compatible for Editor in 47.67 ms, found 3 plugins.
Preloading 0 native plugins for Editor in 0.00 ms.
Mono: successfully reloaded assembly
- Completed reload, in  4.336 seconds
Domain Reload Profiling:
	ReloadAssembly (4343ms)
		BeginReloadAssembly (124ms)
			ExecutionOrderSort (0ms)
			DisableScriptedObjects (4ms)
			BackupInstance (0ms)
			ReleaseScriptingObjects (0ms)
			CreateAndSetChildDomain (19ms)
		EndReloadAssembly (4165ms)
			LoadAssemblies (1990ms)
			RebuildTransferFunctionScriptingTraits (0ms)
			SetupTypeCache (865ms)
			ReleaseScriptCaches (0ms)
			RebuildScriptCaches (42ms)
			SetupLoadedEditorAssemblies (1148ms)
				LogAssemblyErrors (0ms)
				InitializePlatformSupportModulesInManaged (3ms)
				SetLoadedEditorAssemblies (0ms)
				RefreshPlugins (48ms)
				BeforeProcessingInitializeOnLoad (76ms)
				ProcessInitializeOnLoadAttributes (352ms)
				ProcessInitializeOnLoadMethodAttributes (664ms)
				AfterProcessingInitializeOnLoad (5ms)
				EditorAssembliesLoaded (0ms)
			ExecutionOrderSort2 (0ms)
			AwakeInstancesAfterBackupRestoration (6ms)
Platform modules already initialized, skipping
========================================================================
Worker process is ready to serve import requests
Launched and connected shader compiler UnityShaderCompiler.exe after 0.10 seconds
Refreshing native plugins compatible for Editor in 0.66 ms, found 3 plugins.
Preloading 0 native plugins for Editor in 0.00 ms.
Unloading 2230 Unused Serialized files (Serialized files now loaded: 0)
System memory in use before: 98.5 MB.
System memory in use after: 98.6 MB.

Unloading 28 unused Assets to reduce memory usage. Loaded Objects now: 2664.
Total: 3.263800 ms (FindLiveObjects: 0.214700 ms CreateObjectMapping: 0.059300 ms MarkObjects: 2.904000 ms  DeleteObjects: 0.084000 ms)

AssetImportParameters requested are different than current active one (requested -> active):
  custom:framework-win-MediaFoundation: 216162199b28c13a410421893ffa2e32 -> 
  custom:video-decoder-ogg-theora: a1e56fd34408186e4bbccfd4996cb3dc -> 
  custom:container-muxer-webm: aa71ff27fc2769a1b78a27578f13a17b -> 
  custom:container-demuxer-webm: 4f35f7cbe854078d1ac9338744f61a02 -> 
  custom:container-demuxer-ogg: 62fdf1f143b41e24485cea50d1cbac27 -> 
  custom:video-encoder-webm-vp8: eb34c28f22e8b96e1ab97ce403110664 -> 
  custom:video-decoder-webm-vp8: 9c59270c3fd7afecdb556c50c9e8de78 -> 
  custom:audio-decoder-ogg-vorbis: bf7c407c2cedff20999df2af8eb42d56 -> 
  custom:audio-encoder-webm-vorbis: bf7c407c2cedff20999df2af8eb42d56 -> 
========================================================================
Received Import Request.
  path: Assets/Sprites/Inventory/Modern Machine.ttf
  artifactKey: Guid(76bdc9a92f9d2c141b8c551935341bf3) Importer(815301076,1909f56bfc062723c751e8b465ee728b)
Start importing Assets/Sprites/Inventory/Modern Machine.ttf using Guid(76bdc9a92f9d2c141b8c551935341bf3) Importer(815301076,1909f56bfc062723c751e8b465ee728b)  -> (artifact id: '2a8ce48d8345c60cbd1e01633a90a942') in 0.125383 seconds 
  Import took 0.129080 seconds .

========================================================================
Received Import Request.
  Time since last request: 0.000294 seconds.
  path: Assets/Sprites/Inventory/Modern Machine Italic.ttf
  artifactKey: Guid(2a1b6fb96e3f67143965a7f64eb78cdc) Importer(815301076,1909f56bfc062723c751e8b465ee728b)
Start importing Assets/Sprites/Inventory/Modern Machine Italic.ttf using Guid(2a1b6fb96e3f67143965a7f64eb78cdc) Importer(815301076,1909f56bfc062723c751e8b465ee728b)  -> (artifact id: '1cab41096948717367bd2bac6b0f6a83') in 0.019338 seconds 
  Import took 0.023224 seconds .

========================================================================
Received Prepare
Registering precompiled user dll's ...
Registered in 0.004083 seconds.
Begin MonoManager ReloadAssembly
Native extension for WindowsStandalone target not found
Refreshing native plugins compatible for Editor in 0.55 ms, found 3 plugins.
Preloading 0 native plugins for Editor in 0.00 ms.
Mono: successfully reloaded assembly
- Completed reload, in  0.976 seconds
Domain Reload Profiling:
	ReloadAssembly (977ms)
		BeginReloadAssembly (173ms)
			ExecutionOrderSort (0ms)
			DisableScriptedObjects (18ms)
			BackupInstance (0ms)
			ReleaseScriptingObjects (0ms)
			CreateAndSetChildDomain (74ms)
		EndReloadAssembly (749ms)
			LoadAssemblies (84ms)
			RebuildTransferFunctionScriptingTraits (0ms)
			SetupTypeCache (264ms)
			ReleaseScriptCaches (1ms)
			RebuildScriptCaches (39ms)
			SetupLoadedEditorAssemblies (263ms)
				LogAssemblyErrors (0ms)
				InitializePlatformSupportModulesInManaged (5ms)
				SetLoadedEditorAssemblies (0ms)
				RefreshPlugins (1ms)
				BeforeProcessingInitializeOnLoad (83ms)
				ProcessInitializeOnLoadAttributes (161ms)
				ProcessInitializeOnLoadMethodAttributes (10ms)
				AfterProcessingInitializeOnLoad (4ms)
				EditorAssembliesLoaded (0ms)
			ExecutionOrderSort2 (0ms)
			AwakeInstancesAfterBackupRestoration (9ms)
Platform modules already initialized, skipping
Refreshing native plugins compatible for Editor in 0.51 ms, found 3 plugins.
Preloading 0 native plugins for Editor in 0.00 ms.
Unloading 2220 Unused Serialized files (Serialized files now loaded: 0)
System memory in use before: 102.3 MB.
System memory in use after: 101.8 MB.

Unloading 29 unused Assets to reduce memory usage. Loaded Objects now: 2712.
Total: 4.507400 ms (FindLiveObjects: 0.267100 ms CreateObjectMapping: 0.108600 ms MarkObjects: 3.771600 ms  DeleteObjects: 0.357900 ms)

AssetImportParameters requested are different than current active one (requested -> active):
  custom:framework-win-MediaFoundation: 216162199b28c13a410421893ffa2e32 -> 
  custom:video-decoder-ogg-theora: a1e56fd34408186e4bbccfd4996cb3dc -> 
  custom:container-muxer-webm: aa71ff27fc2769a1b78a27578f13a17b -> 
  custom:container-demuxer-webm: 4f35f7cbe854078d1ac9338744f61a02 -> 
  custom:container-demuxer-ogg: 62fdf1f143b41e24485cea50d1cbac27 -> 
  custom:video-encoder-webm-vp8: eb34c28f22e8b96e1ab97ce403110664 -> 
  custom:video-decoder-webm-vp8: 9c59270c3fd7afecdb556c50c9e8de78 -> 
  custom:audio-decoder-ogg-vorbis: bf7c407c2cedff20999df2af8eb42d56 -> 
  custom:audio-encoder-webm-vorbis: bf7c407c2cedff20999df2af8eb42d56 -> 
========================================================================
Received Import Request.
  Time since last request: 13892.952399 seconds.
  path: Assets/TextMesh Pro/Fonts/LiberationSans - OFL.txt
  artifactKey: Guid(6e59c59b81ab47f9b6ec5781fa725d2c) Importer(815301076,1909f56bfc062723c751e8b465ee728b)
Start importing Assets/TextMesh Pro/Fonts/LiberationSans - OFL.txt using Guid(6e59c59b81ab47f9b6ec5781fa725d2c) Importer(815301076,1909f56bfc062723c751e8b465ee728b)  -> (artifact id: 'd8ed59a48b952935c94a9302b2b79e3d') in 0.039074 seconds 
  Import took 0.043477 seconds .

========================================================================
Received Import Request.
  Time since last request: 9.767249 seconds.
  path: Assets/Inventory
  artifactKey: Guid(93c187c260d02554bae85fd01c141b88) Importer(815301076,1909f56bfc062723c751e8b465ee728b)
Start importing Assets/Inventory using Guid(93c187c260d02554bae85fd01c141b88) Importer(815301076,1909f56bfc062723c751e8b465ee728b)  -> (artifact id: '6490cbc61f67fe48760496a769b54dbe') in 0.009764 seconds 
  Import took 0.014914 seconds .

========================================================================
Received Import Request.
  Time since last request: 2.063090 seconds.
  path: Assets/Inventory/RPG_inventory_icons
  artifactKey: Guid(634bcf8b58eb11a4988fc08a3d256189) Importer(815301076,1909f56bfc062723c751e8b465ee728b)
Start importing Assets/Inventory/RPG_inventory_icons using Guid(634bcf8b58eb11a4988fc08a3d256189) Importer(815301076,1909f56bfc062723c751e8b465ee728b)  -> (artifact id: '053dadd077bb6b8109c0c7d807db8856') in 0.010802 seconds 
  Import took 0.015132 seconds .

========================================================================
Received Import Request.
  Time since last request: 1.570976 seconds.
  path: Assets/Inventory/TextMesh Pro
  artifactKey: Guid(aa7c72635e4e96b4d92438ecbc7e4606) Importer(815301076,1909f56bfc062723c751e8b465ee728b)
Start importing Assets/Inventory/TextMesh Pro using Guid(aa7c72635e4e96b4d92438ecbc7e4606) Importer(815301076,1909f56bfc062723c751e8b465ee728b)  -> (artifact id: 'ba62109993a10f22b23ee7e502af39fd') in 0.009447 seconds 
  Import took 0.012869 seconds .

========================================================================
Received Import Request.
  Time since last request: 74.768151 seconds.
  path: Assets/Inventory/Fantasy Wooden GUI  Free
  artifactKey: Guid(0a4e624ca70c30740a84eb2b34521d84) Importer(815301076,1909f56bfc062723c751e8b465ee728b)
Start importing Assets/Inventory/Fantasy Wooden GUI  Free using Guid(0a4e624ca70c30740a84eb2b34521d84) Importer(815301076,1909f56bfc062723c751e8b465ee728b)  -> (artifact id: 'b1b96cd9c896c10b1c0e315e9a1f343f') in 0.011043 seconds 
  Import took 0.014812 seconds .

========================================================================
Received Import Request.
  Time since last request: 0.771502 seconds.
  path: Assets/Inventory/Fantasy Wooden GUI  Free/normal_ui_set A
  artifactKey: Guid(fb0793ba43ead8c4a89d62e19ce3e04e) Importer(815301076,1909f56bfc062723c751e8b465ee728b)
Start importing Assets/Inventory/Fantasy Wooden GUI  Free/normal_ui_set A using Guid(fb0793ba43ead8c4a89d62e19ce3e04e) Importer(815301076,1909f56bfc062723c751e8b465ee728b)  -> (artifact id: 'b7569aa016201c5b7250d6736c84d377') in 0.009922 seconds 
  Import took 0.013363 seconds .

========================================================================
Received Import Request.
  Time since last request: 0.049928 seconds.
  path: Assets/Inventory/Fantasy Wooden GUI  Free/normal_ui_set A/1_normal_ui_set free.psd
  artifactKey: Guid(1ab331a196bae1046b7a75ed7e3f6b46) Importer(815301076,1909f56bfc062723c751e8b465ee728b)
Start importing Assets/Inventory/Fantasy Wooden GUI  Free/normal_ui_set A/1_normal_ui_set free.psd using Guid(1ab331a196bae1046b7a75ed7e3f6b46) Importer(815301076,1909f56bfc062723c751e8b465ee728b)  -> (artifact id: 'bb00035dd6079a9ec1cffc438a758a77') in 0.074349 seconds 
  Import took 0.079025 seconds .

========================================================================
Received Import Request.
  Time since last request: 0.000196 seconds.
  path: Assets/Inventory/Fantasy Wooden GUI  Free/normal_ui_set A/TextBTN_Big.png
  artifactKey: Guid(2be7b70e984b51444aca9c12ae4723a7) Importer(815301076,1909f56bfc062723c751e8b465ee728b)
Start importing Assets/Inventory/Fantasy Wooden GUI  Free/normal_ui_set A/TextBTN_Big.png using Guid(2be7b70e984b51444aca9c12ae4723a7) Importer(815301076,1909f56bfc062723c751e8b465ee728b)  -> (artifact id: '5c28c39e1708cf6f4d4fe9847bada5b8') in 0.020446 seconds 
  Import took 0.023734 seconds .

========================================================================
Received Import Request.
  Time since last request: 0.000312 seconds.
  path: Assets/Inventory/Fantasy Wooden GUI  Free/normal_ui_set A/UI board Small Set.png
  artifactKey: Guid(8eb69fafe4f719b49bb2dd1a7358aaaa) Importer(815301076,1909f56bfc062723c751e8b465ee728b)
Start importing Assets/Inventory/Fantasy Wooden GUI  Free/normal_ui_set A/UI board Small Set.png using Guid(8eb69fafe4f719b49bb2dd1a7358aaaa) Importer(815301076,1909f56bfc062723c751e8b465ee728b)  -> (artifact id: 'd62c9524d2b84b56ba8f8a70eaa7cd3a') in 0.019342 seconds 
  Import took 0.023821 seconds .

========================================================================
Received Import Request.
  Time since last request: 0.000197 seconds.
  path: Assets/Inventory/Fantasy Wooden GUI  Free/normal_ui_set A/UI board Large stone.png
  artifactKey: Guid(7066e0747291df44fa5c2bf93bee3a6e) Importer(815301076,1909f56bfc062723c751e8b465ee728b)
Start importing Assets/Inventory/Fantasy Wooden GUI  Free/normal_ui_set A/UI board Large stone.png using Guid(7066e0747291df44fa5c2bf93bee3a6e) Importer(815301076,1909f56bfc062723c751e8b465ee728b)  -> (artifact id: '74effd5784394873acee17f5182e5311') in 0.023312 seconds 
  Import took 0.026801 seconds .

========================================================================
Received Import Request.
  Time since last request: 0.000213 seconds.
  path: Assets/Inventory/Fantasy Wooden GUI  Free/normal_ui_set A/TextBTN_Cancel_Pressed.png
  artifactKey: Guid(9494e936ef153d148aaddfa6db5fb773) Importer(815301076,1909f56bfc062723c751e8b465ee728b)
Start importing Assets/Inventory/Fantasy Wooden GUI  Free/normal_ui_set A/TextBTN_Cancel_Pressed.png using Guid(9494e936ef153d148aaddfa6db5fb773) Importer(815301076,1909f56bfc062723c751e8b465ee728b)  -> (artifact id: '75df225d1d4bd9bc05372d936be52ad8') in 0.019822 seconds 
  Import took 0.024321 seconds .

========================================================================
Received Import Request.
  Time since last request: 0.000204 seconds.
  path: Assets/Inventory/Fantasy Wooden GUI  Free/normal_ui_set A/Close Button.png
  artifactKey: Guid(11277a3f23988ec47908362d708edaa8) Importer(815301076,1909f56bfc062723c751e8b465ee728b)
Start importing Assets/Inventory/Fantasy Wooden GUI  Free/normal_ui_set A/Close Button.png using Guid(11277a3f23988ec47908362d708edaa8) Importer(815301076,1909f56bfc062723c751e8b465ee728b)  -> (artifact id: '06ee8926006029277919689a9ca0408e') in 0.017289 seconds 
  Import took 0.020439 seconds .

========================================================================
Received Import Request.
  Time since last request: 0.000280 seconds.
  path: Assets/Inventory/Fantasy Wooden GUI  Free/normal_ui_set A/IRONY TITLE  empty.png
  artifactKey: Guid(4d6a99baee23b654f9e4bb672ae0b438) Importer(815301076,1909f56bfc062723c751e8b465ee728b)
Start importing Assets/Inventory/Fantasy Wooden GUI  Free/normal_ui_set A/IRONY TITLE  empty.png using Guid(4d6a99baee23b654f9e4bb672ae0b438) Importer(815301076,1909f56bfc062723c751e8b465ee728b)  -> (artifact id: 'a1c6ab68ac12270cfef06eb4d986cbf1') in 0.017466 seconds 
  Import took 0.021351 seconds .

========================================================================
Received Import Request.
  Time since last request: 0.000218 seconds.
  path: Assets/Inventory/Fantasy Wooden GUI  Free/normal_ui_set A/UI board Medium Set.png
  artifactKey: Guid(1a5d8785d80a4ee42a2a4c8632436dc0) Importer(815301076,1909f56bfc062723c751e8b465ee728b)
Start importing Assets/Inventory/Fantasy Wooden GUI  Free/normal_ui_set A/UI board Medium Set.png using Guid(1a5d8785d80a4ee42a2a4c8632436dc0) Importer(815301076,1909f56bfc062723c751e8b465ee728b)  -> (artifact id: 'e6f10df99e17da5353d7a7bc96ec7ba7') in 0.018983 seconds 
  Import took 0.022702 seconds .

========================================================================
Received Import Request.
  Time since last request: 0.000201 seconds.
  path: Assets/Inventory/Fantasy Wooden GUI  Free/normal_ui_set A/1_normal_ui_set-free.png
  artifactKey: Guid(f3e42cb7317f6f14186e2c2267014de2) Importer(815301076,1909f56bfc062723c751e8b465ee728b)
Start importing Assets/Inventory/Fantasy Wooden GUI  Free/normal_ui_set A/1_normal_ui_set-free.png using Guid(f3e42cb7317f6f14186e2c2267014de2) Importer(815301076,1909f56bfc062723c751e8b465ee728b)  -> (artifact id: '41bfbd418bc3f0646ad2f9bf7284ceb5') in 0.021471 seconds 
  Import took 0.025073 seconds .

========================================================================
Received Import Request.
  Time since last request: 0.000216 seconds.
  path: Assets/Inventory/Fantasy Wooden GUI  Free/normal_ui_set A/notice.png
  artifactKey: Guid(86adaa715d8969e48975ca3343ddaedd) Importer(815301076,1909f56bfc062723c751e8b465ee728b)
Start importing Assets/Inventory/Fantasy Wooden GUI  Free/normal_ui_set A/notice.png using Guid(86adaa715d8969e48975ca3343ddaedd) Importer(815301076,1909f56bfc062723c751e8b465ee728b)  -> (artifact id: '44cf02a745d0dd7a1abdd5bd4d06ac57') in 0.016685 seconds 
  Import took 0.020354 seconds .

========================================================================
Received Import Request.
  Time since last request: 0.000205 seconds.
  path: Assets/Inventory/Fantasy Wooden GUI  Free/normal_ui_set A/Exclamation_Yellow.png
  artifactKey: Guid(f26fa8880b3aeef4b8516c82dc12f2a5) Importer(815301076,1909f56bfc062723c751e8b465ee728b)
Start importing Assets/Inventory/Fantasy Wooden GUI  Free/normal_ui_set A/Exclamation_Yellow.png using Guid(f26fa8880b3aeef4b8516c82dc12f2a5) Importer(815301076,1909f56bfc062723c751e8b465ee728b)  -> (artifact id: 'fd9d63775f48e97be7a0a1381373ab3e') in 0.017135 seconds 
  Import took 0.020854 seconds .

========================================================================
Received Import Request.
  Time since last request: 0.000240 seconds.
  path: Assets/Inventory/Fantasy Wooden GUI  Free/normal_ui_set A/Exclamation_Red.png
  artifactKey: Guid(e9d4143c19529834981ac6821a04aecd) Importer(815301076,1909f56bfc062723c751e8b465ee728b)
Start importing Assets/Inventory/Fantasy Wooden GUI  Free/normal_ui_set A/Exclamation_Red.png using Guid(e9d4143c19529834981ac6821a04aecd) Importer(815301076,1909f56bfc062723c751e8b465ee728b)  -> (artifact id: '16f60b08b914b0f4f1337fa2bb2f1c32') in 0.027185 seconds 
  Import took 0.032482 seconds .

========================================================================
Received Import Request.
  Time since last request: 0.000308 seconds.
  path: Assets/Inventory/Fantasy Wooden GUI  Free/normal_ui_set A/TextBTN_Medium_Pressed.png
  artifactKey: Guid(047b929beb10565479851d39b452dfb6) Importer(815301076,1909f56bfc062723c751e8b465ee728b)
Start importing Assets/Inventory/Fantasy Wooden GUI  Free/normal_ui_set A/TextBTN_Medium_Pressed.png using Guid(047b929beb10565479851d39b452dfb6) Importer(815301076,1909f56bfc062723c751e8b465ee728b)  -> (artifact id: 'cb729e109a6e02d7a67ad79ff76c1823') in 0.027197 seconds 
  Import took 0.034169 seconds .

========================================================================
Received Import Request.
  Time since last request: 0.000210 seconds.
  path: Assets/Inventory/Fantasy Wooden GUI  Free/normal_ui_set A/TextBTN_New-Start.png
  artifactKey: Guid(ca45d178d188e034aa96a68aceeef41b) Importer(815301076,1909f56bfc062723c751e8b465ee728b)
Start importing Assets/Inventory/Fantasy Wooden GUI  Free/normal_ui_set A/TextBTN_New-Start.png using Guid(ca45d178d188e034aa96a68aceeef41b) Importer(815301076,1909f56bfc062723c751e8b465ee728b)  -> (artifact id: '658e59f72ffa1a4f75dadee6ada465e0') in 0.016020 seconds 
  Import took 0.019624 seconds .

========================================================================
Received Import Request.
  Time since last request: 0.000182 seconds.
  path: Assets/Inventory/Fantasy Wooden GUI  Free/normal_ui_set A/TextBTN_Cancel.png
  artifactKey: Guid(480144379cc9c7d47a8e19f58b0e6ee3) Importer(815301076,1909f56bfc062723c751e8b465ee728b)
Start importing Assets/Inventory/Fantasy Wooden GUI  Free/normal_ui_set A/TextBTN_Cancel.png using Guid(480144379cc9c7d47a8e19f58b0e6ee3) Importer(815301076,1909f56bfc062723c751e8b465ee728b)  -> (artifact id: 'cc6d225cff10be7880e12ca82ae567c6') in 0.015515 seconds 
  Import took 0.018809 seconds .

========================================================================
Received Import Request.
  Time since last request: 0.000222 seconds.
  path: Assets/Inventory/Fantasy Wooden GUI  Free/normal_ui_set A/Exclamation_Gray.png
  artifactKey: Guid(f73f68fe6815f5548a6c2a61b9e49add) Importer(815301076,1909f56bfc062723c751e8b465ee728b)
Start importing Assets/Inventory/Fantasy Wooden GUI  Free/normal_ui_set A/Exclamation_Gray.png using Guid(f73f68fe6815f5548a6c2a61b9e49add) Importer(815301076,1909f56bfc062723c751e8b465ee728b)  -> (artifact id: 'e4e9861400e79ffe697038f08fb21cde') in 0.017491 seconds 
  Import took 0.021130 seconds .

========================================================================
Received Import Request.
  Time since last request: 0.000241 seconds.
  path: Assets/Inventory/Fantasy Wooden GUI  Free/normal_ui_set A/UI board Medium  parchment.png
  artifactKey: Guid(cf1462bc694c3c249831ad8ac5293aa2) Importer(815301076,1909f56bfc062723c751e8b465ee728b)
Start importing Assets/Inventory/Fantasy Wooden GUI  Free/normal_ui_set A/UI board Medium  parchment.png using Guid(cf1462bc694c3c249831ad8ac5293aa2) Importer(815301076,1909f56bfc062723c751e8b465ee728b)  -> (artifact id: 'a0054cf12f82a975ed3a175173e661b7') in 0.018222 seconds 
  Import took 0.022760 seconds .

========================================================================
Received Import Request.
  Time since last request: 0.000187 seconds.
  path: Assets/Inventory/Fantasy Wooden GUI  Free/normal_ui_set A/UI board Small  parchment.png
  artifactKey: Guid(a454050719005b444b59a84eaafba779) Importer(815301076,1909f56bfc062723c751e8b465ee728b)
Start importing Assets/Inventory/Fantasy Wooden GUI  Free/normal_ui_set A/UI board Small  parchment.png using Guid(a454050719005b444b59a84eaafba779) Importer(815301076,1909f56bfc062723c751e8b465ee728b)  -> (artifact id: '7b63e598172c0064ebf421715603f7a0') in 0.015006 seconds 
  Import took 0.018665 seconds .

========================================================================
Received Import Request.
  Time since last request: 0.000219 seconds.
  path: Assets/Inventory/Fantasy Wooden GUI  Free/normal_ui_set A/TextBTN_Big_Pressed.png
  artifactKey: Guid(d6a1673a31851fd4395c287261da36e4) Importer(815301076,1909f56bfc062723c751e8b465ee728b)
Start importing Assets/Inventory/Fantasy Wooden GUI  Free/normal_ui_set A/TextBTN_Big_Pressed.png using Guid(d6a1673a31851fd4395c287261da36e4) Importer(815301076,1909f56bfc062723c751e8b465ee728b)  -> (artifact id: '45c2990f90edb068e721417cb5d0779b') in 0.015776 seconds 
  Import took 0.019319 seconds .

========================================================================
Received Import Request.
  Time since last request: 0.000205 seconds.
  path: Assets/Inventory/Fantasy Wooden GUI  Free/normal_ui_set A/Division line.png
  artifactKey: Guid(b7d245916891cca47a0144e12a82e086) Importer(815301076,1909f56bfc062723c751e8b465ee728b)
Start importing Assets/Inventory/Fantasy Wooden GUI  Free/normal_ui_set A/Division line.png using Guid(b7d245916891cca47a0144e12a82e086) Importer(815301076,1909f56bfc062723c751e8b465ee728b)  -> (artifact id: '44a214291b275c749193f148e443a37c') in 0.015758 seconds 
  Import took 0.020341 seconds .

========================================================================
Received Import Request.
  Time since last request: 0.000218 seconds.
  path: Assets/Inventory/Fantasy Wooden GUI  Free/normal_ui_set A/UI board Large  parchment.png
  artifactKey: Guid(43a7d98bd4222b64e933596512dc09ad) Importer(815301076,1909f56bfc062723c751e8b465ee728b)
Start importing Assets/Inventory/Fantasy Wooden GUI  Free/normal_ui_set A/UI board Large  parchment.png using Guid(43a7d98bd4222b64e933596512dc09ad) Importer(815301076,1909f56bfc062723c751e8b465ee728b)  -> (artifact id: '7b9fb27ee77e79a9d639526eab4a7bc8') in 0.018012 seconds 
  Import took 0.021341 seconds .

========================================================================
Received Import Request.
  Time since last request: 0.000203 seconds.
  path: Assets/Inventory/Fantasy Wooden GUI  Free/normal_ui_set A/UI board Medium stone.png
  artifactKey: Guid(9a6560e5bacb40847bb1b879ede354fb) Importer(815301076,1909f56bfc062723c751e8b465ee728b)
Start importing Assets/Inventory/Fantasy Wooden GUI  Free/normal_ui_set A/UI board Medium stone.png using Guid(9a6560e5bacb40847bb1b879ede354fb) Importer(815301076,1909f56bfc062723c751e8b465ee728b)  -> (artifact id: '0709a0bac4f45b0164e1567dec2afcd8') in 0.016028 seconds 
  Import took 0.019276 seconds .

========================================================================
Received Import Request.
  Time since last request: 0.000221 seconds.
  path: Assets/Inventory/Fantasy Wooden GUI  Free/normal_ui_set A/IRONY TITLE  Large.png
  artifactKey: Guid(054411784c3fdf74d9db120b4a792a71) Importer(815301076,1909f56bfc062723c751e8b465ee728b)
Start importing Assets/Inventory/Fantasy Wooden GUI  Free/normal_ui_set A/IRONY TITLE  Large.png using Guid(054411784c3fdf74d9db120b4a792a71) Importer(815301076,1909f56bfc062723c751e8b465ee728b)  -> (artifact id: 'ea09d0f86d9284ccba8e36788961162d') in 0.017367 seconds 
  Import took 0.020775 seconds .

========================================================================
Received Import Request.
  Time since last request: 0.000198 seconds.
  path: Assets/Inventory/Fantasy Wooden GUI  Free/normal_ui_set A/TextBTN_New-Start_Pressed.png
  artifactKey: Guid(2e5f47e2f71128f4282c0a4a67288751) Importer(815301076,1909f56bfc062723c751e8b465ee728b)
Start importing Assets/Inventory/Fantasy Wooden GUI  Free/normal_ui_set A/TextBTN_New-Start_Pressed.png using Guid(2e5f47e2f71128f4282c0a4a67288751) Importer(815301076,1909f56bfc062723c751e8b465ee728b)  -> (artifact id: '8a3a3c8966bedfb7abf6a782aa1c58e7') in 0.016266 seconds 
  Import took 0.019763 seconds .

========================================================================
Received Import Request.
  Time since last request: 0.000302 seconds.
  path: Assets/Inventory/Fantasy Wooden GUI  Free/normal_ui_set A/UI board Large Set.png
  artifactKey: Guid(90a2dde0942123c4ebb9c4af580c5818) Importer(815301076,1909f56bfc062723c751e8b465ee728b)
Start importing Assets/Inventory/Fantasy Wooden GUI  Free/normal_ui_set A/UI board Large Set.png using Guid(90a2dde0942123c4ebb9c4af580c5818) Importer(815301076,1909f56bfc062723c751e8b465ee728b)  -> (artifact id: '9b46cba6850eba3a5de2cbab905d8b37') in 0.017815 seconds 
  Import took 0.021258 seconds .

========================================================================
Received Import Request.
  Time since last request: 0.000203 seconds.
  path: Assets/Inventory/Fantasy Wooden GUI  Free/normal_ui_set A/TextBTN_Medium.png
  artifactKey: Guid(efee20b64d1e73942a29ba61ce3379c3) Importer(815301076,1909f56bfc062723c751e8b465ee728b)
Start importing Assets/Inventory/Fantasy Wooden GUI  Free/normal_ui_set A/TextBTN_Medium.png using Guid(efee20b64d1e73942a29ba61ce3379c3) Importer(815301076,1909f56bfc062723c751e8b465ee728b)  -> (artifact id: '825fcb0739e2479323225652cef752f8') in 0.014860 seconds 
  Import took 0.018855 seconds .

========================================================================
Received Import Request.
  Time since last request: 0.000212 seconds.
  path: Assets/Inventory/Fantasy Wooden GUI  Free/normal_ui_set A/UI board Small  stone.png
  artifactKey: Guid(8dd861a6e819de241bca68a36048a6bd) Importer(815301076,1909f56bfc062723c751e8b465ee728b)
Start importing Assets/Inventory/Fantasy Wooden GUI  Free/normal_ui_set A/UI board Small  stone.png using Guid(8dd861a6e819de241bca68a36048a6bd) Importer(815301076,1909f56bfc062723c751e8b465ee728b)  -> (artifact id: '43f169129c85be3663475a62268a0f1e') in 0.015948 seconds 
  Import took 0.020071 seconds .

========================================================================
Received Import Request.
  Time since last request: 89.511978 seconds.
  path: Assets/Inventory/Inventory UI/apple.png
  artifactKey: Guid(5d9ba4e7d0964044ea54abe409d81dfd) Importer(815301076,1909f56bfc062723c751e8b465ee728b)
Start importing Assets/Inventory/Inventory UI/apple.png using Guid(5d9ba4e7d0964044ea54abe409d81dfd) Importer(815301076,1909f56bfc062723c751e8b465ee728b)  -> (artifact id: '465fa72f6cc44fffced478e60ca2da7b') in 0.018248 seconds 
  Import took 0.022131 seconds .

========================================================================
Received Import Request.
  Time since last request: 0.000242 seconds.
  path: Assets/Inventory/Inventory UI/belts.png
  artifactKey: Guid(da09804303305f542a686824630e7269) Importer(815301076,1909f56bfc062723c751e8b465ee728b)
Start importing Assets/Inventory/Inventory UI/belts.png using Guid(da09804303305f542a686824630e7269) Importer(815301076,1909f56bfc062723c751e8b465ee728b)  -> (artifact id: '15e14a3239324c375a6570c21abd9257') in 0.018617 seconds 
  Import took 0.022938 seconds .

========================================================================
Received Import Request.
  Time since last request: 0.000230 seconds.
  path: Assets/Inventory/Inventory UI/b_t_01.png
  artifactKey: Guid(5d7061fc7da05ce44add317708ec7215) Importer(815301076,1909f56bfc062723c751e8b465ee728b)
Start importing Assets/Inventory/Inventory UI/b_t_01.png using Guid(5d7061fc7da05ce44add317708ec7215) Importer(815301076,1909f56bfc062723c751e8b465ee728b)  -> (artifact id: '9becbd82be36f341295e80365944043f') in 0.016319 seconds 
  Import took 0.019868 seconds .

========================================================================
Received Import Request.
  Time since last request: 0.000308 seconds.
  path: Assets/Inventory/Inventory UI/gem.png
  artifactKey: Guid(e7d29a79bc7fae248887c8a08a160303) Importer(815301076,1909f56bfc062723c751e8b465ee728b)
Start importing Assets/Inventory/Inventory UI/gem.png using Guid(e7d29a79bc7fae248887c8a08a160303) Importer(815301076,1909f56bfc062723c751e8b465ee728b)  -> (artifact id: '6c7b644e8c03c64ea1f80e5b1985fdba') in 0.018106 seconds 
  Import took 0.021748 seconds .

========================================================================
Received Import Request.
  Time since last request: 0.000241 seconds.
  path: Assets/Inventory/Inventory UI/book.PNG
  artifactKey: Guid(ae496f5dad56ea645b72d374a0376368) Importer(815301076,1909f56bfc062723c751e8b465ee728b)
Start importing Assets/Inventory/Inventory UI/book.PNG using Guid(ae496f5dad56ea645b72d374a0376368) Importer(815301076,1909f56bfc062723c751e8b465ee728b)  -> (artifact id: '9172b75dbe84e2b4aa4c32fa64ea2923') in 0.019141 seconds 
  Import took 0.023547 seconds .

========================================================================
Received Import Request.
  Time since last request: 0.000254 seconds.
  path: Assets/Inventory/Inventory UI/shield.png
  artifactKey: Guid(b97c91e8b348f3f4ebdc11f5c82182cd) Importer(815301076,1909f56bfc062723c751e8b465ee728b)
Start importing Assets/Inventory/Inventory UI/shield.png using Guid(b97c91e8b348f3f4ebdc11f5c82182cd) Importer(815301076,1909f56bfc062723c751e8b465ee728b)  -> (artifact id: '2a8208bdc6a8c86b46319ee37477cfe0') in 0.018695 seconds 
  Import took 0.022918 seconds .

========================================================================
Received Import Request.
  Time since last request: 0.000189 seconds.
  path: Assets/Inventory/Inventory UI/scroll.png
  artifactKey: Guid(db427fab3e94daf4caa704d9314a77a1) Importer(815301076,1909f56bfc062723c751e8b465ee728b)
Start importing Assets/Inventory/Inventory UI/scroll.png using Guid(db427fab3e94daf4caa704d9314a77a1) Importer(815301076,1909f56bfc062723c751e8b465ee728b)  -> (artifact id: 'f4d01aa02523902f38b5484607b6761a') in 0.018087 seconds 
  Import took 0.021990 seconds .

========================================================================
Received Import Request.
  Time since last request: 0.000241 seconds.
  path: Assets/Inventory/Inventory UI/rings.PNG
  artifactKey: Guid(970324311431c794ca338446ea889948) Importer(815301076,1909f56bfc062723c751e8b465ee728b)
Start importing Assets/Inventory/Inventory UI/rings.PNG using Guid(970324311431c794ca338446ea889948) Importer(815301076,1909f56bfc062723c751e8b465ee728b)  -> (artifact id: '6da1b6704fdf654757d91e9d5e71336a') in 0.017744 seconds 
  Import took 0.021161 seconds .

========================================================================
Received Import Request.
  Time since last request: 0.000161 seconds.
  path: Assets/Inventory/Inventory UI/Meat.png
  artifactKey: Guid(4a39cb4b272639541b7bd5ac0649acf7) Importer(815301076,1909f56bfc062723c751e8b465ee728b)
Start importing Assets/Inventory/Inventory UI/Meat.png using Guid(4a39cb4b272639541b7bd5ac0649acf7) Importer(815301076,1909f56bfc062723c751e8b465ee728b)  -> (artifact id: '5c7555cc3bb0aac0afbee9053d99378d') in 0.017033 seconds 
  Import took 0.020385 seconds .

========================================================================
Received Import Request.
  Time since last request: 0.000240 seconds.
  path: Assets/Inventory/Inventory UI/bag.png
  artifactKey: Guid(fe025e83f69d0b54f8a4fe3c7c128fd7) Importer(815301076,1909f56bfc062723c751e8b465ee728b)
Start importing Assets/Inventory/Inventory UI/bag.png using Guid(fe025e83f69d0b54f8a4fe3c7c128fd7) Importer(815301076,1909f56bfc062723c751e8b465ee728b)  -> (artifact id: '65a839058386cf666a33835e7074be07') in 0.017455 seconds 
  Import took 0.021894 seconds .

========================================================================
Received Import Request.
  Time since last request: 0.000213 seconds.
  path: Assets/Inventory/Inventory UI/bracers.PNG
  artifactKey: Guid(70a77abda853dd941a0c8debf1de9b04) Importer(815301076,1909f56bfc062723c751e8b465ee728b)
Start importing Assets/Inventory/Inventory UI/bracers.PNG using Guid(70a77abda853dd941a0c8debf1de9b04) Importer(815301076,1909f56bfc062723c751e8b465ee728b)  -> (artifact id: '7a11657e20ea4431fe2248e25b6d544b') in 0.016333 seconds 
  Import took 0.020718 seconds .

========================================================================
Received Import Request.
  Time since last request: 0.000316 seconds.
  path: Assets/Inventory/Inventory UI/pants.png
  artifactKey: Guid(b8fb302c5768e334ca82005f50e58121) Importer(815301076,1909f56bfc062723c751e8b465ee728b)
Start importing Assets/Inventory/Inventory UI/pants.png using Guid(b8fb302c5768e334ca82005f50e58121) Importer(815301076,1909f56bfc062723c751e8b465ee728b)  -> (artifact id: '5a76cf3440235d9c51c8738b7af456d7') in 0.017176 seconds 
  Import took 0.021352 seconds .

========================================================================
Received Import Request.
  Time since last request: 0.000251 seconds.
  path: Assets/Inventory/Inventory UI/mp.png
  artifactKey: Guid(6592b916f86b19e428db6f6847c7b6dd) Importer(815301076,1909f56bfc062723c751e8b465ee728b)
Start importing Assets/Inventory/Inventory UI/mp.png using Guid(6592b916f86b19e428db6f6847c7b6dd) Importer(815301076,1909f56bfc062723c751e8b465ee728b)  -> (artifact id: '08fd03c1a6467b895481deaccc3b18b6') in 0.017996 seconds 
  Import took 0.022107 seconds .

========================================================================
Received Import Request.
  Time since last request: 0.000253 seconds.
  path: Assets/Inventory/Inventory UI/axe.png
  artifactKey: Guid(172774604c1bee84185a69041576525b) Importer(815301076,1909f56bfc062723c751e8b465ee728b)
Start importing Assets/Inventory/Inventory UI/axe.png using Guid(172774604c1bee84185a69041576525b) Importer(815301076,1909f56bfc062723c751e8b465ee728b)  -> (artifact id: '10b4108f1c20c62cce3776519d2a4d88') in 0.022383 seconds 
  Import took 0.027341 seconds .

========================================================================
Received Import Request.
  Time since last request: 0.000861 seconds.
  path: Assets/Inventory/Inventory UI/ingots.png
  artifactKey: Guid(3e4fcc84a0ac95b429c56452575f6021) Importer(815301076,1909f56bfc062723c751e8b465ee728b)
Start importing Assets/Inventory/Inventory UI/ingots.png using Guid(3e4fcc84a0ac95b429c56452575f6021) Importer(815301076,1909f56bfc062723c751e8b465ee728b)  -> (artifact id: '40d5246885e06a921577edbbb0130f2f') in 0.029375 seconds 
  Import took 0.035175 seconds .

========================================================================
Received Import Request.
  Time since last request: 0.000246 seconds.
  path: Assets/Inventory/Inventory UI/shoulders.png
  artifactKey: Guid(f126324fd2486a641842ea5a8244c2d1) Importer(815301076,1909f56bfc062723c751e8b465ee728b)
Start importing Assets/Inventory/Inventory UI/shoulders.png using Guid(f126324fd2486a641842ea5a8244c2d1) Importer(815301076,1909f56bfc062723c751e8b465ee728b)  -> (artifact id: '7b23514a46b4c1b4869466a444745224') in 0.026454 seconds 
  Import took 0.031090 seconds .

========================================================================
Received Import Request.
  Time since last request: 0.000206 seconds.
  path: Assets/Inventory/Inventory UI/cloaks.PNG
  artifactKey: Guid(6fc27c9d7fc2d9448af6851bf935e6d2) Importer(815301076,1909f56bfc062723c751e8b465ee728b)
Start importing Assets/Inventory/Inventory UI/cloaks.PNG using Guid(6fc27c9d7fc2d9448af6851bf935e6d2) Importer(815301076,1909f56bfc062723c751e8b465ee728b)  -> (artifact id: 'a3c5377f3473f6ddea8ee97225d4aabc') in 0.017869 seconds 
  Import took 0.021601 seconds .

========================================================================
Received Import Request.
  Time since last request: 0.000214 seconds.
  path: Assets/Inventory/Inventory UI/helmets.png
  artifactKey: Guid(fd6e4fc32c78509458fc45ea4a478ba8) Importer(815301076,1909f56bfc062723c751e8b465ee728b)
Start importing Assets/Inventory/Inventory UI/helmets.png using Guid(fd6e4fc32c78509458fc45ea4a478ba8) Importer(815301076,1909f56bfc062723c751e8b465ee728b)  -> (artifact id: 'cfd330702910f55c426b7d0d2d50f80f') in 0.019811 seconds 
  Import took 0.023772 seconds .

========================================================================
Received Import Request.
  Time since last request: 0.000189 seconds.
  path: Assets/Inventory/Inventory UI/f.PNG
  artifactKey: Guid(ed1074391f139544d941ae0870937dc0) Importer(815301076,1909f56bfc062723c751e8b465ee728b)
Start importing Assets/Inventory/Inventory UI/f.PNG using Guid(ed1074391f139544d941ae0870937dc0) Importer(815301076,1909f56bfc062723c751e8b465ee728b)  -> (artifact id: '63a89d9fad753962f3118a9279366fb4') in 0.018268 seconds 
  Import took 0.022087 seconds .

========================================================================
Received Import Request.
  Time since last request: 0.000313 seconds.
  path: Assets/Inventory/Inventory UI/coins.png
  artifactKey: Guid(3676a0b185daeb54fb257f700ba7ead4) Importer(815301076,1909f56bfc062723c751e8b465ee728b)
Start importing Assets/Inventory/Inventory UI/coins.png using Guid(3676a0b185daeb54fb257f700ba7ead4) Importer(815301076,1909f56bfc062723c751e8b465ee728b)  -> (artifact id: 'ef490dd8116ba2ab92f462fdcd2bf44a') in 0.019872 seconds 
  Import took 0.023471 seconds .

========================================================================
Received Import Request.
  Time since last request: 0.000188 seconds.
  path: Assets/Inventory/Inventory UI/boots.png
  artifactKey: Guid(e420c5bc93cb2604695a893500c897e3) Importer(815301076,1909f56bfc062723c751e8b465ee728b)
Start importing Assets/Inventory/Inventory UI/boots.png using Guid(e420c5bc93cb2604695a893500c897e3) Importer(815301076,1909f56bfc062723c751e8b465ee728b)  -> (artifact id: '44c780252f43831e027421ec97e17a04') in 0.016801 seconds 
  Import took 0.020225 seconds .

========================================================================
Received Import Request.
  Time since last request: 0.000202 seconds.
  path: Assets/Inventory/Inventory UI/armor.png
  artifactKey: Guid(2f1eaeeaad36ee5469eff7ff158f37ba) Importer(815301076,1909f56bfc062723c751e8b465ee728b)
Start importing Assets/Inventory/Inventory UI/armor.png using Guid(2f1eaeeaad36ee5469eff7ff158f37ba) Importer(815301076,1909f56bfc062723c751e8b465ee728b)  -> (artifact id: 'ca543e9189de30318165ab57dcd0fc10') in 0.017517 seconds 
  Import took 0.021145 seconds .

========================================================================
Received Import Request.
  Time since last request: 0.000264 seconds.
  path: Assets/Inventory/Inventory UI/gloves.PNG
  artifactKey: Guid(d4f5634edede200468fc1ccf30e6f3a1) Importer(815301076,1909f56bfc062723c751e8b465ee728b)
Start importing Assets/Inventory/Inventory UI/gloves.PNG using Guid(d4f5634edede200468fc1ccf30e6f3a1) Importer(815301076,1909f56bfc062723c751e8b465ee728b)  -> (artifact id: '86693e85c614677b0505e615570565c1') in 0.020500 seconds 
  Import took 0.024379 seconds .

========================================================================
Received Import Request.
  Time since last request: 0.000182 seconds.
  path: Assets/Inventory/Inventory UI/necklace.PNG
  artifactKey: Guid(0e123cfdc54a3ca4684816a34167a566) Importer(815301076,1909f56bfc062723c751e8b465ee728b)
Start importing Assets/Inventory/Inventory UI/necklace.PNG using Guid(0e123cfdc54a3ca4684816a34167a566) Importer(815301076,1909f56bfc062723c751e8b465ee728b)  -> (artifact id: '8fea11c461db6d2694a811735c3d1899') in 0.017532 seconds 
  Import took 0.021229 seconds .

========================================================================
Received Import Request.
  Time since last request: 0.000221 seconds.
  path: Assets/Inventory/Inventory UI/hp.png
  artifactKey: Guid(e52ea25af699fd445b7046374f81a5b9) Importer(815301076,1909f56bfc062723c751e8b465ee728b)
Start importing Assets/Inventory/Inventory UI/hp.png using Guid(e52ea25af699fd445b7046374f81a5b9) Importer(815301076,1909f56bfc062723c751e8b465ee728b)  -> (artifact id: 'b848ab895c52f00fece15f4499804ebc') in 0.018817 seconds 
  Import took 0.023349 seconds .

========================================================================
Received Import Request.
  Time since last request: 0.000181 seconds.
  path: Assets/Inventory/Inventory UI/sword.png
  artifactKey: Guid(5fd50594014b70e48bd6993443d46b32) Importer(815301076,1909f56bfc062723c751e8b465ee728b)
Start importing Assets/Inventory/Inventory UI/sword.png using Guid(5fd50594014b70e48bd6993443d46b32) Importer(815301076,1909f56bfc062723c751e8b465ee728b)  -> (artifact id: '16a202f360ae4a25c957c2dda479a080') in 0.017536 seconds 
  Import took 0.020995 seconds .

========================================================================
Received Import Request.
  Time since last request: 418.173658 seconds.
  path: Assets/Inventory/Fantasy Wooden GUI  Free/Scene
  artifactKey: Guid(1d4ddc8cb3190b749bc2878cae95700e) Importer(815301076,1909f56bfc062723c751e8b465ee728b)
Start importing Assets/Inventory/Fantasy Wooden GUI  Free/Scene using Guid(1d4ddc8cb3190b749bc2878cae95700e) Importer(815301076,1909f56bfc062723c751e8b465ee728b)  -> (artifact id: 'f820650b6151a838eab2ed83bed77cd0') in 0.008801 seconds 
  Import took 0.013884 seconds .

========================================================================
Received Import Request.
  Time since last request: 2.545925 seconds.
  path: Assets/Inventory/Scenes
  artifactKey: Guid(81315e3f4d5c2a54c9b693495cdb8541) Importer(815301076,1909f56bfc062723c751e8b465ee728b)
Start importing Assets/Inventory/Scenes using Guid(81315e3f4d5c2a54c9b693495cdb8541) Importer(815301076,1909f56bfc062723c751e8b465ee728b)  -> (artifact id: '01c38e5e61beefaa649c43be8c3bbc5a') in 0.008261 seconds 
  Import took 0.012565 seconds .

========================================================================
Received Import Request.
  Time since last request: 5.197339 seconds.
  path: Assets/Inventory/Inventory UI
  artifactKey: Guid(8f9cab87dacd4db4aa10bdb6a1623312) Importer(815301076,1909f56bfc062723c751e8b465ee728b)
Start importing Assets/Inventory/Inventory UI using Guid(8f9cab87dacd4db4aa10bdb6a1623312) Importer(815301076,1909f56bfc062723c751e8b465ee728b)  -> (artifact id: 'ce18e91afee2b8bd439a26d9981e43e2') in 0.008471 seconds 
  Import took 0.012515 seconds .

========================================================================
Received Import Request.
  Time since last request: 0.043272 seconds.
  path: Assets/Inventory/Inventory UI/SangSangFlowerRoad Regular.otf
  artifactKey: Guid(769f823d7ff926c4494001ca9434c85a) Importer(815301076,1909f56bfc062723c751e8b465ee728b)
Start importing Assets/Inventory/Inventory UI/SangSangFlowerRoad Regular.otf using Guid(769f823d7ff926c4494001ca9434c85a) Importer(815301076,1909f56bfc062723c751e8b465ee728b)  -> (artifact id: '07872f759558a8bd73b39f939089b61f') in 0.039810 seconds 
  Import took 0.044420 seconds .

========================================================================
Received Import Request.
  Time since last request: 18.447938 seconds.
  path: Assets/Inventory/Scenes/Inventory UI.unity
  artifactKey: Guid(d1405d7912678c64da811dc125c8ff67) Importer(815301076,1909f56bfc062723c751e8b465ee728b)
Start importing Assets/Inventory/Scenes/Inventory UI.unity using Guid(d1405d7912678c64da811dc125c8ff67) Importer(815301076,1909f56bfc062723c751e8b465ee728b)  -> (artifact id: '5c3384f56194ff5fbcbe49b8aef78a20') in 0.010344 seconds 
  Import took 0.014828 seconds .

========================================================================
Received Import Request.
  Time since last request: 26.064112 seconds.
  path: Assets/Scenes/SIlentWolf.unity
  artifactKey: Guid(86bd52734736c2246a2772edca1b371a) Importer(815301076,1909f56bfc062723c751e8b465ee728b)
Start importing Assets/Scenes/SIlentWolf.unity using Guid(86bd52734736c2246a2772edca1b371a) Importer(815301076,1909f56bfc062723c751e8b465ee728b)  -> (artifact id: 'df4f39fcb03213b40e740a5e74dd4109') in 0.008695 seconds 
  Import took 0.012594 seconds .

AssetImportWorkerClient::OnTransportError - code=2 error=End of file
